2019-03-27 12:17:29 - INFO  - Starting EmployeStepDefinitions on MBP-de-severine with PID 7309 (started by dev in /Users/dev/Documents/GitHub/ipi-java-350-ex)
2019-03-27 12:17:29 - INFO  - No active profile set, falling back to default profiles: default
2019-03-27 12:17:33 - INFO  - Started EmployeStepDefinitions in 3.579 seconds (JVM running for 5.157)
2019-03-27 12:17:33 - INFO  - Embauche de l'employé John Doe diplômé de CAP en tant que TECHNICIEN avec un taux d'activité de 1.0 
2019-03-27 12:17:33 - INFO  - Starting EmployeRepositoryTest on MBP-de-severine with PID 7309 (started by dev in /Users/dev/Documents/GitHub/ipi-java-350-ex)
2019-03-27 12:17:33 - INFO  - No active profile set, falling back to default profiles: default
2019-03-27 12:17:34 - INFO  - Started EmployeRepositoryTest in 0.449 seconds (JVM running for 5.99)
2019-03-27 12:17:34 - INFO  - Starting EmployeServiceIntegrationTest on MBP-de-severine with PID 7309 (started by dev in /Users/dev/Documents/GitHub/ipi-java-350-ex)
2019-03-27 12:17:34 - INFO  - No active profile set, falling back to default profiles: default
2019-03-27 12:17:34 - INFO  - Started EmployeServiceIntegrationTest in 0.364 seconds (JVM running for 6.46)
2019-03-27 12:17:34 - INFO  - Embauche de l'employé John Doe diplômé de BTS_IUT en tant que TECHNICIEN avec un taux d'activité de 1.0 
2019-03-27 12:17:34 - INFO  - Embauche de l'employé John Doe diplômé de MASTER en tant que MANAGER avec un taux d'activité de 0.5 
2019-03-27 12:17:34 - INFO  - Embauche de l'employé John Doe diplômé de MASTER en tant que MANAGER avec un taux d'activité de 0.5 
2019-03-27 12:17:34 - ERROR - Limite des 100000 matricules atteinte !
2019-03-27 12:17:34 - INFO  - Embauche de l'employé John Doe diplômé de MASTER en tant que MANAGER avec un taux d'activité de 0.5 
2019-03-27 12:17:34 - INFO  - Embauche de l'employé John Doe diplômé de BTS_IUT en tant que TECHNICIEN avec un taux d'activité de 1.0 
2019-03-27 12:17:34 - INFO  - Embauche de l'employé John Doe diplômé de MASTER en tant que MANAGER avec un taux d'activité de 0.5 
2019-03-27 12:17:34 - ERROR - L'employé de matricule M00001 existe déjà en BDD
2019-03-27 12:18:06 - INFO  - Starting EmployeStepDefinitions on MBP-de-severine with PID 7319 (started by dev in /Users/dev/Documents/GitHub/ipi-java-350-ex)
2019-03-27 12:18:06 - INFO  - No active profile set, falling back to default profiles: default
2019-03-27 12:18:09 - INFO  - Started EmployeStepDefinitions in 2.706 seconds (JVM running for 4.125)
2019-03-27 12:18:09 - INFO  - Embauche de l'employé John Doe diplômé de CAP en tant que TECHNICIEN avec un taux d'activité de 1.0 
2019-03-27 12:18:09 - INFO  - Starting EmployeRepositoryTest on MBP-de-severine with PID 7319 (started by dev in /Users/dev/Documents/GitHub/ipi-java-350-ex)
2019-03-27 12:18:09 - INFO  - No active profile set, falling back to default profiles: default
2019-03-27 12:18:09 - INFO  - Started EmployeRepositoryTest in 0.357 seconds (JVM running for 4.794)
2019-03-27 12:18:09 - INFO  - Starting EmployeServiceIntegrationTest on MBP-de-severine with PID 7319 (started by dev in /Users/dev/Documents/GitHub/ipi-java-350-ex)
2019-03-27 12:18:09 - INFO  - No active profile set, falling back to default profiles: default
2019-03-27 12:18:10 - INFO  - Started EmployeServiceIntegrationTest in 0.356 seconds (JVM running for 5.255)
2019-03-27 12:18:10 - INFO  - Embauche de l'employé John Doe diplômé de BTS_IUT en tant que TECHNICIEN avec un taux d'activité de 1.0 
2019-03-27 12:18:10 - INFO  - Embauche de l'employé John Doe diplômé de MASTER en tant que MANAGER avec un taux d'activité de 0.5 
2019-03-27 12:18:10 - INFO  - Embauche de l'employé John Doe diplômé de MASTER en tant que MANAGER avec un taux d'activité de 0.5 
2019-03-27 12:18:10 - ERROR - Limite des 100000 matricules atteinte !
2019-03-27 12:18:10 - INFO  - Embauche de l'employé John Doe diplômé de MASTER en tant que MANAGER avec un taux d'activité de 0.5 
2019-03-27 12:18:10 - INFO  - Embauche de l'employé John Doe diplômé de BTS_IUT en tant que TECHNICIEN avec un taux d'activité de 1.0 
2019-03-27 12:18:10 - INFO  - Embauche de l'employé John Doe diplômé de MASTER en tant que MANAGER avec un taux d'activité de 0.5 
2019-03-27 12:18:10 - ERROR - L'employé de matricule M00001 existe déjà en BDD
2019-03-27 12:27:31 - INFO  - Starting EmployeStepDefinitions on MBP-de-severine with PID 7412 (started by dev in /Users/dev/Documents/GitHub/ipi-java-350-ex)
2019-03-27 12:27:31 - INFO  - No active profile set, falling back to default profiles: default
2019-03-27 12:27:33 - INFO  - Started EmployeStepDefinitions in 2.676 seconds (JVM running for 4.222)
2019-03-27 12:27:33 - INFO  - Embauche de l'employé John Doe diplômé de CAP en tant que TECHNICIEN avec un taux d'activité de 1.0 
2019-03-27 12:27:33 - INFO  - Starting EmployeRepositoryTest on MBP-de-severine with PID 7412 (started by dev in /Users/dev/Documents/GitHub/ipi-java-350-ex)
2019-03-27 12:27:33 - INFO  - No active profile set, falling back to default profiles: default
2019-03-27 12:27:34 - INFO  - Started EmployeRepositoryTest in 0.428 seconds (JVM running for 4.969)
2019-03-27 12:27:34 - INFO  - Starting EmployeServiceIntegrationTest on MBP-de-severine with PID 7412 (started by dev in /Users/dev/Documents/GitHub/ipi-java-350-ex)
2019-03-27 12:27:34 - INFO  - No active profile set, falling back to default profiles: default
2019-03-27 12:27:34 - INFO  - Started EmployeServiceIntegrationTest in 0.373 seconds (JVM running for 5.451)
2019-03-27 12:27:34 - INFO  - Embauche de l'employé John Doe diplômé de BTS_IUT en tant que TECHNICIEN avec un taux d'activité de 1.0 
2019-03-27 12:27:35 - INFO  - Embauche de l'employé John Doe diplômé de MASTER en tant que MANAGER avec un taux d'activité de 0.5 
2019-03-27 12:27:35 - INFO  - Embauche de l'employé John Doe diplômé de MASTER en tant que MANAGER avec un taux d'activité de 0.5 
2019-03-27 12:27:35 - ERROR - Limite des 100000 matricules atteinte !
2019-03-27 12:27:35 - INFO  - Embauche de l'employé John Doe diplômé de MASTER en tant que MANAGER avec un taux d'activité de 0.5 
2019-03-27 12:27:35 - INFO  - Embauche de l'employé John Doe diplômé de BTS_IUT en tant que TECHNICIEN avec un taux d'activité de 1.0 
2019-03-27 12:27:35 - INFO  - Embauche de l'employé John Doe diplômé de MASTER en tant que MANAGER avec un taux d'activité de 0.5 
2019-03-27 12:27:35 - ERROR - L'employé de matricule M00001 existe déjà en BDD
2019-03-27 13:27:50 - INFO  - Starting EmployeStepDefinitions on MBP-de-severine with PID 7533 (started by dev in /Users/dev/Documents/GitHub/ipi-java-350-ex)
2019-03-27 13:27:50 - INFO  - No active profile set, falling back to default profiles: default
2019-03-27 13:27:53 - INFO  - Started EmployeStepDefinitions in 3.154 seconds (JVM running for 4.802)
2019-03-27 13:27:53 - INFO  - Embauche de l'employé John Doe diplômé de CAP en tant que TECHNICIEN avec un taux d'activité de 1.0 
2019-03-27 13:27:53 - INFO  - Starting EmployeRepositoryTest on MBP-de-severine with PID 7533 (started by dev in /Users/dev/Documents/GitHub/ipi-java-350-ex)
2019-03-27 13:27:53 - INFO  - No active profile set, falling back to default profiles: default
2019-03-27 13:27:54 - INFO  - Started EmployeRepositoryTest in 0.388 seconds (JVM running for 5.549)
2019-03-27 13:27:54 - INFO  - Starting EmployeServiceIntegrationTest on MBP-de-severine with PID 7533 (started by dev in /Users/dev/Documents/GitHub/ipi-java-350-ex)
2019-03-27 13:27:54 - INFO  - No active profile set, falling back to default profiles: default
2019-03-27 13:27:54 - INFO  - Started EmployeServiceIntegrationTest in 0.375 seconds (JVM running for 6.029)
2019-03-27 13:27:54 - INFO  - Embauche de l'employé John Doe diplômé de BTS_IUT en tant que TECHNICIEN avec un taux d'activité de 1.0 
2019-03-27 13:27:54 - INFO  - Embauche de l'employé John Doe diplômé de MASTER en tant que MANAGER avec un taux d'activité de 0.5 
2019-03-27 13:27:54 - INFO  - Embauche de l'employé John Doe diplômé de MASTER en tant que MANAGER avec un taux d'activité de 0.5 
2019-03-27 13:27:54 - ERROR - Limite des 100000 matricules atteinte !
2019-03-27 13:27:54 - INFO  - Embauche de l'employé John Doe diplômé de MASTER en tant que MANAGER avec un taux d'activité de 0.5 
2019-03-27 13:27:54 - INFO  - Embauche de l'employé John Doe diplômé de BTS_IUT en tant que TECHNICIEN avec un taux d'activité de 1.0 
2019-03-27 13:27:54 - INFO  - Embauche de l'employé John Doe diplômé de MASTER en tant que MANAGER avec un taux d'activité de 0.5 
2019-03-27 13:27:54 - ERROR - L'employé de matricule M00001 existe déjà en BDD
