2019-04-15 12:44:27 - INFO  - Embauche de l'employé John Doe diplômé de MASTER en tant que MANAGER avec un taux d'activité de 0.5 
2019-04-15 12:44:27 - INFO  - Embauche de l'employé John Doe diplômé de MASTER en tant que MANAGER avec un taux d'activité de 0.5 
2019-04-15 12:44:27 - ERROR - Limite des 100000 matricules atteinte !
2019-04-15 12:44:27 - INFO  - Embauche de l'employé John Doe diplômé de MASTER en tant que MANAGER avec un taux d'activité de 0.5 
2019-04-15 12:44:27 - INFO  - Embauche de l'employé John Doe diplômé de BTS_IUT en tant que TECHNICIEN avec un taux d'activité de 1.0 
2019-04-15 12:44:27 - INFO  - Embauche de l'employé John Doe diplômé de MASTER en tant que MANAGER avec un taux d'activité de 0.5 
2019-04-15 12:44:27 - ERROR - L'employé de matricule M00001 existe déjà en BDD
2019-04-15 12:48:20 - INFO  - Starting EmployeServiceIntegrationTest on MBP-de-severine with PID 3797 (started by dev in /Users/dev/Documents/GitHub/ipi-java-350-ex)
2019-04-15 12:48:20 - INFO  - No active profile set, falling back to default profiles: default
2019-04-15 12:48:24 - INFO  - Started EmployeServiceIntegrationTest in 3.471 seconds (JVM running for 4.619)
2019-04-15 12:52:45 - INFO  - Starting EmployeServiceIntegrationTest on MBP-de-severine with PID 3805 (started by dev in /Users/dev/Documents/GitHub/ipi-java-350-ex)
2019-04-15 12:52:45 - INFO  - No active profile set, falling back to default profiles: default
2019-04-15 12:52:48 - INFO  - Started EmployeServiceIntegrationTest in 3.037 seconds (JVM running for 4.07)
2019-04-15 12:53:13 - INFO  - Starting EmployeServiceIntegrationTest on MBP-de-severine with PID 3812 (started by dev in /Users/dev/Documents/GitHub/ipi-java-350-ex)
2019-04-15 12:53:13 - INFO  - No active profile set, falling back to default profiles: default
2019-04-15 12:53:16 - INFO  - Started EmployeServiceIntegrationTest in 2.892 seconds (JVM running for 4.054)
2019-04-15 12:53:54 - INFO  - Starting EmployeServiceIntegrationTest on MBP-de-severine with PID 3817 (started by dev in /Users/dev/Documents/GitHub/ipi-java-350-ex)
2019-04-15 12:53:54 - INFO  - No active profile set, falling back to default profiles: default
2019-04-15 12:53:56 - INFO  - Started EmployeServiceIntegrationTest in 3.022 seconds (JVM running for 4.121)
2019-04-15 12:55:25 - INFO  - Starting EmployeServiceIntegrationTest on MBP-de-severine with PID 3821 (started by dev in /Users/dev/Documents/GitHub/ipi-java-350-ex)
2019-04-15 12:55:25 - INFO  - No active profile set, falling back to default profiles: default
2019-04-15 12:55:28 - INFO  - Started EmployeServiceIntegrationTest in 2.983 seconds (JVM running for 4.029)
2019-04-15 13:02:31 - INFO  - Starting EmployeServiceIntegrationTest on MBP-de-severine with PID 3831 (started by dev in /Users/dev/Documents/GitHub/ipi-java-350-ex)
2019-04-15 13:02:31 - INFO  - No active profile set, falling back to default profiles: default
2019-04-15 13:02:33 - INFO  - Started EmployeServiceIntegrationTest in 2.968 seconds (JVM running for 4.072)
2019-04-15 13:05:08 - INFO  - Starting EmployeServiceIntegrationTest on MBP-de-severine with PID 3853 (started by dev in /Users/dev/Documents/GitHub/ipi-java-350-ex)
2019-04-15 13:05:08 - INFO  - No active profile set, falling back to default profiles: default
2019-04-15 13:05:11 - INFO  - Started EmployeServiceIntegrationTest in 3.279 seconds (JVM running for 4.51)
2019-04-15 13:06:49 - INFO  - Starting EmployeServiceIntegrationTest on MBP-de-severine with PID 3858 (started by dev in /Users/dev/Documents/GitHub/ipi-java-350-ex)
2019-04-15 13:06:49 - INFO  - No active profile set, falling back to default profiles: default
2019-04-15 13:06:52 - INFO  - Started EmployeServiceIntegrationTest in 3.152 seconds (JVM running for 4.201)
2019-04-15 13:10:38 - INFO  - Starting EmployeServiceIntegrationTest on MBP-de-severine with PID 3872 (started by dev in /Users/dev/Documents/GitHub/ipi-java-350-ex)
2019-04-15 13:10:38 - INFO  - No active profile set, falling back to default profiles: default
2019-04-15 13:10:40 - INFO  - Started EmployeServiceIntegrationTest in 3.021 seconds (JVM running for 4.158)
2019-04-15 13:11:07 - INFO  - Starting EmployeServiceIntegrationTest on MBP-de-severine with PID 3876 (started by dev in /Users/dev/Documents/GitHub/ipi-java-350-ex)
2019-04-15 13:11:07 - INFO  - No active profile set, falling back to default profiles: default
2019-04-15 13:11:10 - INFO  - Started EmployeServiceIntegrationTest in 3.114 seconds (JVM running for 4.256)
2019-04-15 13:12:31 - INFO  - Starting EmployeServiceIntegrationTest on MBP-de-severine with PID 3881 (started by dev in /Users/dev/Documents/GitHub/ipi-java-350-ex)
2019-04-15 13:12:31 - INFO  - No active profile set, falling back to default profiles: default
2019-04-15 13:12:34 - INFO  - Started EmployeServiceIntegrationTest in 3.018 seconds (JVM running for 4.065)
2019-04-15 13:14:47 - INFO  - Starting EmployeServiceIntegrationTest on MBP-de-severine with PID 3888 (started by dev in /Users/dev/Documents/GitHub/ipi-java-350-ex)
2019-04-15 13:14:47 - INFO  - No active profile set, falling back to default profiles: default
2019-04-15 13:14:49 - INFO  - Started EmployeServiceIntegrationTest in 2.915 seconds (JVM running for 3.973)
2019-04-15 21:52:58 - INFO  - Embauche de l'employé John Doe diplômé de MASTER en tant que MANAGER avec un taux d'activité de 0.5 
2019-04-15 22:05:29 - INFO  - Embauche de l'employé John Doe diplômé de MASTER en tant que MANAGER avec un taux d'activité de 0.5 
2019-04-15 22:05:30 - INFO  - Embauche de l'employé John Doe diplômé de MASTER en tant que MANAGER avec un taux d'activité de 0.5 
2019-04-15 22:05:30 - ERROR - Limite des 100000 matricules atteinte !
2019-04-15 22:05:30 - INFO  - Embauche de l'employé John Doe diplômé de MASTER en tant que MANAGER avec un taux d'activité de 0.5 
2019-04-15 22:05:30 - INFO  - Embauche de l'employé John Doe diplômé de BTS_IUT en tant que TECHNICIEN avec un taux d'activité de 1.0 
2019-04-15 22:05:30 - INFO  - Embauche de l'employé John Doe diplômé de MASTER en tant que MANAGER avec un taux d'activité de 0.5 
2019-04-15 22:05:30 - ERROR - L'employé de matricule M00001 existe déjà en BDD
2019-04-15 22:05:42 - INFO  - Embauche de l'employé John Doe diplômé de MASTER en tant que MANAGER avec un taux d'activité de 0.5 
2019-04-15 22:05:42 - INFO  - Embauche de l'employé John Doe diplômé de MASTER en tant que MANAGER avec un taux d'activité de 0.5 
2019-04-15 22:05:42 - ERROR - Limite des 100000 matricules atteinte !
2019-04-15 22:05:42 - INFO  - Embauche de l'employé John Doe diplômé de MASTER en tant que MANAGER avec un taux d'activité de 0.5 
2019-04-15 22:05:42 - INFO  - Embauche de l'employé John Doe diplômé de BTS_IUT en tant que TECHNICIEN avec un taux d'activité de 1.0 
2019-04-15 22:05:42 - INFO  - Embauche de l'employé John Doe diplômé de MASTER en tant que MANAGER avec un taux d'activité de 0.5 
2019-04-15 22:05:42 - ERROR - L'employé de matricule M00001 existe déjà en BDD
2019-04-15 22:23:22 - INFO  - Embauche de l'employé John Doe diplômé de MASTER en tant que MANAGER avec un taux d'activité de 0.5 
2019-04-15 22:23:22 - INFO  - Embauche de l'employé John Doe diplômé de MASTER en tant que MANAGER avec un taux d'activité de 0.5 
2019-04-15 22:23:22 - ERROR - Limite des 100000 matricules atteinte !
2019-04-15 22:23:22 - INFO  - Embauche de l'employé John Doe diplômé de MASTER en tant que MANAGER avec un taux d'activité de 0.5 
2019-04-15 22:23:22 - INFO  - Embauche de l'employé John Doe diplômé de BTS_IUT en tant que TECHNICIEN avec un taux d'activité de 1.0 
2019-04-15 22:23:22 - INFO  - Embauche de l'employé John Doe diplômé de MASTER en tant que MANAGER avec un taux d'activité de 0.5 
2019-04-15 22:23:22 - ERROR - L'employé de matricule M00001 existe déjà en BDD
2019-04-15 22:33:08 - INFO  - Starting EmployeRepositoryTest on MBP-de-severine with PID 1691 (started by dev in /Users/dev/Documents/GitHub/ipi-java-350-ex)
2019-04-15 22:33:08 - INFO  - No active profile set, falling back to default profiles: default
2019-04-15 22:33:11 - INFO  - Started EmployeRepositoryTest in 3.407 seconds (JVM running for 4.594)
2019-04-15 22:33:27 - INFO  - Starting EmployeRepositoryTest on MBP-de-severine with PID 1699 (started by dev in /Users/dev/Documents/GitHub/ipi-java-350-ex)
2019-04-15 22:33:27 - INFO  - No active profile set, falling back to default profiles: default
2019-04-15 22:33:30 - INFO  - Started EmployeRepositoryTest in 2.74 seconds (JVM running for 3.887)
2019-04-15 22:36:22 - INFO  - Starting EmployeStepDefinitions on MBP-de-severine with PID 1706 (started by dev in /Users/dev/Documents/GitHub/ipi-java-350-ex)
2019-04-15 22:36:22 - INFO  - No active profile set, falling back to default profiles: default
2019-04-15 22:36:25 - INFO  - Started EmployeStepDefinitions in 2.878 seconds (JVM running for 4.15)
2019-04-15 22:36:25 - INFO  - Embauche de l'employé John Doe diplômé de CAP en tant que TECHNICIEN avec un taux d'activité de 1.0 
2019-04-15 23:01:35 - INFO  - Starting EmployeStepDefinitions on MBP-de-severine with PID 1782 (started by dev in /Users/dev/Documents/GitHub/ipi-java-350-ex)
2019-04-15 23:01:35 - INFO  - No active profile set, falling back to default profiles: default
2019-04-15 23:01:38 - INFO  - Started EmployeStepDefinitions in 3.607 seconds (JVM running for 5.084)
2019-04-15 23:02:23 - INFO  - Starting EmployeStepDefinitions on MBP-de-severine with PID 1787 (started by dev in /Users/dev/Documents/GitHub/ipi-java-350-ex)
2019-04-15 23:02:23 - INFO  - No active profile set, falling back to default profiles: default
2019-04-15 23:02:26 - INFO  - Started EmployeStepDefinitions in 3.282 seconds (JVM running for 5.466)
2019-04-15 23:03:52 - INFO  - Starting EmployeStepDefinitions on MBP-de-severine with PID 1802 (started by dev in /Users/dev/Documents/GitHub/ipi-java-350-ex)
2019-04-15 23:03:52 - INFO  - No active profile set, falling back to default profiles: default
2019-04-15 23:03:54 - INFO  - Started EmployeStepDefinitions in 2.765 seconds (JVM running for 4.038)
2019-04-15 23:03:54 - INFO  - Embauche de l'employé John Doe diplômé de CAP en tant que TECHNICIEN avec un taux d'activité de 1.0 
2019-04-15 23:07:21 - INFO  - Starting EmployeStepDefinitions on MBP-de-severine with PID 1840 (started by dev in /Users/dev/Documents/GitHub/ipi-java-350-ex)
2019-04-15 23:07:21 - INFO  - No active profile set, falling back to default profiles: default
2019-04-15 23:07:24 - INFO  - Started EmployeStepDefinitions in 2.867 seconds (JVM running for 4.056)
2019-04-15 23:07:24 - INFO  - Embauche de l'employé John Doe diplômé de CAP en tant que TECHNICIEN avec un taux d'activité de 1.0 
